0 info it worked if it ends with ok
1 verbose cli [ 'D:\\Program Files\\nodejs\\node.exe',
1 verbose cli   'D:\\Program Files\\nodejs\\node_modules\\npm\\bin\\npm-cli.js',
1 verbose cli   'start' ]
2 info using npm@3.10.10
3 info using node@v6.10.1
4 verbose run-script [ 'prestart', 'start', 'poststart' ]
5 info lifecycle ghost@1.20.3~prestart: ghost@1.20.3
6 silly lifecycle ghost@1.20.3~prestart: no script for prestart, continuing
7 info lifecycle ghost@1.20.3~start: ghost@1.20.3
8 verbose lifecycle ghost@1.20.3~start: unsafe-perm in lifecycle true
9 verbose lifecycle ghost@1.20.3~start: PATH: D:\Program Files\nodejs\node_modules\npm\bin\node-gyp-bin;D:\Document\Research\Projects\ghost\node_modules\.bin;C:\Users\Hongtao Lin\bin;D:\Program Files\Git\mingw64\bin;D:\Program Files\Git\usr\local\bin;D:\Program Files\Git\usr\bin;D:\Program Files\Git\usr\bin;D:\Program Files\Git\mingw64\bin;D:\Program Files\Git\usr\bin;C:\Users\Hongtao Lin\bin;C:\Python36\Scripts;C:\Python36;C:\Program Files (x86)\Intel\iCLS Client;C:\Program Files\Intel\iCLS Client;C:\WINDOWS\system32;C:\WINDOWS;C:\WINDOWS\System32\Wbem;C:\WINDOWS\System32\WindowsPowerShell\v1.0;C:\Program Files (x86)\Intel\Intel(R) Management Engine Components\DAL;C:\Program Files\Intel\Intel(R) Management Engine Components\DAL;C:\Program Files (x86)\Intel\Intel(R) Management Engine Components\IPT;C:\Program Files\Intel\Intel(R) Management Engine Components\IPT;C:\Program Files\MacType;D:\Program Files\nodejs;C:\Program Files\SumatraPDF;D:\texlive\2016\tlpkg\tlgs\bin;D:\Program Files\Pandoc;C:\Android;C:\Windows\System32;D:\Program Files\mingw-w64\mingw64\bin;C:\Program Files\Intel\WiFi\bin;C:\Program Files\Common Files\Intel\WirelessCommon;D:\Program Files\Git\cmd;C:\Users\Hongtao Lin\AppData\Local\Microsoft\WindowsApps;D:\Program Files\nodejs\node_global;D:\texlive\2016\bin\win32;C:\Users\Hongtao Lin\AppData\Local\Programs\Fiddler;%USERPROFILE%\AppData\Local\Microsoft\WindowsApps;D:\Program Files\Git\usr\bin\vendor_perl;D:\Program Files\Git\usr\bin\core_perl
10 verbose lifecycle ghost@1.20.3~start: CWD: D:\Document\Research\Projects\ghost
11 silly lifecycle ghost@1.20.3~start: Args: [ '/d /s /c', 'node index' ]
12 silly lifecycle ghost@1.20.3~start: Returned: code: 4294967295  signal: null
13 info lifecycle ghost@1.20.3~start: Failed to exec start script
14 verbose stack Error: ghost@1.20.3 start: `node index`
14 verbose stack Exit status 4294967295
14 verbose stack     at EventEmitter.<anonymous> (D:\Program Files\nodejs\node_modules\npm\lib\utils\lifecycle.js:255:16)
14 verbose stack     at emitTwo (events.js:106:13)
14 verbose stack     at EventEmitter.emit (events.js:191:7)
14 verbose stack     at ChildProcess.<anonymous> (D:\Program Files\nodejs\node_modules\npm\lib\utils\spawn.js:40:14)
14 verbose stack     at emitTwo (events.js:106:13)
14 verbose stack     at ChildProcess.emit (events.js:191:7)
14 verbose stack     at maybeClose (internal/child_process.js:886:16)
14 verbose stack     at Process.ChildProcess._handle.onexit (internal/child_process.js:226:5)
15 verbose pkgid ghost@1.20.3
16 verbose cwd D:\Document\Research\Projects\ghost
17 error Windows_NT 10.0.16299
18 error argv "D:\\Program Files\\nodejs\\node.exe" "D:\\Program Files\\nodejs\\node_modules\\npm\\bin\\npm-cli.js" "start"
19 error node v6.10.1
20 error npm  v3.10.10
21 error code ELIFECYCLE
22 error ghost@1.20.3 start: `node index`
22 error Exit status 4294967295
23 error Failed at the ghost@1.20.3 start script 'node index'.
23 error Make sure you have the latest version of node.js and npm installed.
23 error If you do, this is most likely a problem with the ghost package,
23 error not with npm itself.
23 error Tell the author that this fails on your system:
23 error     node index
23 error You can get information on how to open an issue for this project with:
23 error     npm bugs ghost
23 error Or if that isn't available, you can get their info via:
23 error     npm owner ls ghost
23 error There is likely additional logging output above.
24 verbose exit [ 1, true ]
